2025-08-10T13:55:10.764+05:30  INFO 5166 --- [czbank] [main] com.cz.bank.czbank.CzbankApplication     : Starting CzbankApplication using Java 17.0.14 with PID 5166 (/Users/ravi/Downloads/czbank/target/classes started by ravi in /Users/ravi/Downloads/czbank)
2025-08-10T13:55:10.765+05:30  INFO 5166 --- [czbank] [main] com.cz.bank.czbank.CzbankApplication     : No active profile set, falling back to 1 default profile: "default"
2025-08-10T13:55:11.038+05:30  INFO 5166 --- [czbank] [main] .s.d.r.c.RepositoryConfigurationDelegate : Bootstrapping Spring Data JPA repositories in DEFAULT mode.
2025-08-10T13:55:11.059+05:30  INFO 5166 --- [czbank] [main] .s.d.r.c.RepositoryConfigurationDelegate : Finished Spring Data repository scanning in 17 ms. Found 2 JPA repository interfaces.
2025-08-10T13:55:11.222+05:30  INFO 5166 --- [czbank] [main] o.s.b.w.embedded.tomcat.TomcatWebServer  : Tomcat initialized with port 9090 (http)
2025-08-10T13:55:11.228+05:30  INFO 5166 --- [czbank] [main] o.apache.catalina.core.StandardService   : Starting service [Tomcat]
2025-08-10T13:55:11.228+05:30  INFO 5166 --- [czbank] [main] o.apache.catalina.core.StandardEngine    : Starting Servlet engine: [Apache Tomcat/10.1.43]
2025-08-10T13:55:11.251+05:30  INFO 5166 --- [czbank] [main] o.a.c.c.C.[Tomcat].[localhost].[/]       : Initializing Spring embedded WebApplicationContext
2025-08-10T13:55:11.251+05:30  INFO 5166 --- [czbank] [main] w.s.c.ServletWebServerApplicationContext : Root WebApplicationContext: initialization completed in 470 ms
2025-08-10T13:55:11.328+05:30  INFO 5166 --- [czbank] [main] o.hibernate.jpa.internal.util.LogHelper  : HHH000204: Processing PersistenceUnitInfo [name: default]
2025-08-10T13:55:11.351+05:30  INFO 5166 --- [czbank] [main] org.hibernate.Version                    : HHH000412: Hibernate ORM core version 6.6.22.Final
2025-08-10T13:55:11.363+05:30  INFO 5166 --- [czbank] [main] o.h.c.internal.RegionFactoryInitiator    : HHH000026: Second-level cache disabled
2025-08-10T13:55:11.469+05:30  INFO 5166 --- [czbank] [main] o.s.o.j.p.SpringPersistenceUnitInfo      : No LoadTimeWeaver setup: ignoring JPA class transformer
2025-08-10T13:55:11.483+05:30  INFO 5166 --- [czbank] [main] com.zaxxer.hikari.HikariDataSource       : HikariPool-1 - Starting...
2025-08-10T13:55:11.660+05:30  INFO 5166 --- [czbank] [main] com.zaxxer.hikari.pool.HikariPool        : HikariPool-1 - Added connection com.mysql.cj.jdbc.ConnectionImpl@17d76ebb
2025-08-10T13:55:11.661+05:30  INFO 5166 --- [czbank] [main] com.zaxxer.hikari.HikariDataSource       : HikariPool-1 - Start completed.
2025-08-10T13:55:11.710+05:30  INFO 5166 --- [czbank] [main] org.hibernate.orm.connections.pooling    : HHH10001005: Database info:
	Database JDBC URL [Connecting through datasource 'HikariDataSource (HikariPool-1)']
	Database driver: undefined/unknown
	Database version: 9.3
	Autocommit mode: undefined/unknown
	Isolation level: undefined/unknown
	Minimum pool size: undefined/unknown
	Maximum pool size: undefined/unknown
2025-08-10T13:55:12.043+05:30  INFO 5166 --- [czbank] [main] o.h.e.t.j.p.i.JtaPlatformInitiator       : HHH000489: No JTA platform available (set 'hibernate.transaction.jta.platform' to enable JTA platform integration)
2025-08-10T13:55:12.091+05:30  INFO 5166 --- [czbank] [main] j.LocalContainerEntityManagerFactoryBean : Initialized JPA EntityManagerFactory for persistence unit 'default'
2025-08-10T13:55:12.223+05:30  WARN 5166 --- [czbank] [main] JpaBaseConfiguration$JpaWebConfiguration : spring.jpa.open-in-view is enabled by default. Therefore, database queries may be performed during view rendering. Explicitly configure spring.jpa.open-in-view to disable this warning
2025-08-10T13:55:12.353+05:30  INFO 5166 --- [czbank] [main] o.s.b.w.embedded.tomcat.TomcatWebServer  : Tomcat started on port 9090 (http) with context path '/'
2025-08-10T13:55:12.357+05:30  INFO 5166 --- [czbank] [main] com.cz.bank.czbank.CzbankApplication     : Started CzbankApplication in 1.831 seconds (process running for 2.247)
2025-08-10T13:55:23.536+05:30  INFO 5166 --- [czbank] [http-nio-9090-exec-1] o.a.c.c.C.[Tomcat].[localhost].[/]       : Initializing Spring DispatcherServlet 'dispatcherServlet'
2025-08-10T13:55:23.537+05:30  INFO 5166 --- [czbank] [http-nio-9090-exec-1] o.s.web.servlet.DispatcherServlet        : Initializing Servlet 'dispatcherServlet'
2025-08-10T13:55:23.537+05:30  INFO 5166 --- [czbank] [http-nio-9090-exec-1] o.s.web.servlet.DispatcherServlet        : Completed initialization in 0 ms
2025-08-10T13:55:23.600+05:30  INFO 5166 --- [czbank] [http-nio-9090-exec-1] c.cz.bank.czbank.service.RatingService   : Interest Rate for customer 9 Interest Rate is 6.5
2025-08-10T13:55:23.642+05:30  INFO 5166 --- [czbank] [http-nio-9090-exec-1] c.cz.bank.czbank.service.RatingService   : Credit Rating already exists for customer: 9
2025-08-10T13:55:26.433+05:30  WARN 5166 --- [czbank] [http-nio-9090-exec-1] c.c.b.c.e.GlobalExceptionHandler         : Response already committed. Ignoring: org.springframework.http.converter.HttpMessageNotWritableException: Could not write JSON: Document nesting depth (1001) exceeds the maximum allowed (1000, from `StreamWriteConstraints.getMaxNestingDepth()`)
2025-08-10T13:56:03.874+05:30  INFO 5166 --- [czbank] [http-nio-9090-exec-3] c.cz.bank.czbank.service.RatingService   : Interest Rate for customer 14 Interest Rate is 6.5
2025-08-10T13:56:34.424+05:30  INFO 5166 --- [czbank] [SpringApplicationShutdownHook] o.s.b.w.e.tomcat.GracefulShutdown        : Commencing graceful shutdown. Waiting for active requests to complete
2025-08-10T13:56:34.426+05:30  INFO 5166 --- [czbank] [tomcat-shutdown] o.s.b.w.e.tomcat.GracefulShutdown        : Graceful shutdown complete
2025-08-10T13:56:34.428+05:30  INFO 5166 --- [czbank] [SpringApplicationShutdownHook] j.LocalContainerEntityManagerFactoryBean : Closing JPA EntityManagerFactory for persistence unit 'default'
2025-08-10T13:56:34.429+05:30  INFO 5166 --- [czbank] [SpringApplicationShutdownHook] com.zaxxer.hikari.HikariDataSource       : HikariPool-1 - Shutdown initiated...
2025-08-10T13:56:34.432+05:30  INFO 5166 --- [czbank] [SpringApplicationShutdownHook] com.zaxxer.hikari.HikariDataSource       : HikariPool-1 - Shutdown completed.
